Flow report for CPU_52
Sun Jan 21 21:03:59 2024
Quartus II Version 9.1 Build 350 03/24/2010 Service Pack 2 SJ Web Edition


---------------------
; Table of Contents ;
---------------------
  1. Legal Notice
  2. Flow Summary
  3. Flow Settings
  4. Flow Non-Default Global Settings
  5. Flow Elapsed Time
  6. Flow OS Summary
  7. Flow Log



----------------
; Legal Notice ;
----------------
Copyright (C) 1991-2010 Altera Corporation
Your use of Altera Corporation's design tools, logic functions 
and other software and tools, and its AMPP partner logic 
functions, and any output files from any of the foregoing 
(including device programming or simulation files), and any 
associated documentation or information are expressly subject 
to the terms and conditions of the Altera Program License 
Subscription Agreement, Altera MegaCore Function License 
Agreement, or other applicable license agreement, including, 
without limitation, that your use is for the sole purpose of 
programming logic devices manufactured by Altera and sold by 
Altera or its authorized distributors.  Please refer to the 
applicable agreement for further details.



+------------------------------------------------------------------------+
; Flow Summary                                                           ;
+-------------------------+----------------------------------------------+
; Flow Status             ; Successful - Sun Jan 21 21:03:59 2024        ;
; Quartus II Version      ; 9.1 Build 350 03/24/2010 SP 2 SJ Web Edition ;
; Revision Name           ; CPU_52                                       ;
; Top-level Entity Name   ; ADR_ALU                                      ;
; Family                  ; Cyclone                                      ;
; Met timing requirements ; Yes                                          ;
; Total logic elements    ; 17 / 2,910 ( < 1 % )                         ;
; Total pins              ; 19 / 65 ( 29 % )                             ;
; Total virtual pins      ; 0                                            ;
; Total memory bits       ; 0 / 59,904 ( 0 % )                           ;
; Total PLLs              ; 0 / 1 ( 0 % )                                ;
; Device                  ; EP1C3T100C6                                  ;
; Timing Models           ; Final                                        ;
+-------------------------+----------------------------------------------+


+-----------------------------------------+
; Flow Settings                           ;
+-------------------+---------------------+
; Option            ; Setting             ;
+-------------------+---------------------+
; Start date & time ; 01/21/2024 21:03:54 ;
; Main task         ; Compilation         ;
; Revision Name     ; CPU_52              ;
+-------------------+---------------------+


+---------------------------------------------------------------------------------------------------------------------+
; Flow Non-Default Global Settings                                                                                    ;
+------------------------------------+---------------------------------+---------------+-------------+----------------+
; Assignment Name                    ; Value                           ; Default Value ; Entity Name ; Section Id     ;
+------------------------------------+---------------------------------+---------------+-------------+----------------+
; COMPILER_SIGNATURE_ID              ; 185410938068645.170586023414228 ; --            ; --          ; --             ;
; IP_TOOL_NAME                       ; LPM_MUX                         ; --            ; --          ; --             ;
; IP_TOOL_NAME                       ; LPM_ADD_SUB                     ; --            ; --          ; --             ;
; IP_TOOL_NAME                       ; LPM_ADD_SUB                     ; --            ; --          ; --             ;
; IP_TOOL_NAME                       ; LPM_SHIFTREG                    ; --            ; --          ; --             ;
; IP_TOOL_NAME                       ; LPM_ADD_SUB                     ; --            ; --          ; --             ;
; IP_TOOL_NAME                       ; LPM_MUX                         ; --            ; --          ; --             ;
; IP_TOOL_NAME                       ; LPM_ADD_SUB                     ; --            ; --          ; --             ;
; IP_TOOL_NAME                       ; LPM_MUX                         ; --            ; --          ; --             ;
; IP_TOOL_NAME                       ; LPM_ADD_SUB                     ; --            ; --          ; --             ;
; IP_TOOL_NAME                       ; LPM_CLSHIFT                     ; --            ; --          ; --             ;
; IP_TOOL_NAME                       ; LPM_AND                         ; --            ; --          ; --             ;
; IP_TOOL_NAME                       ; LPM_INV                         ; --            ; --          ; --             ;
; IP_TOOL_NAME                       ; LPM_CLSHIFT                     ; --            ; --          ; --             ;
; IP_TOOL_NAME                       ; LPM_CONSTANT                    ; --            ; --          ; --             ;
; IP_TOOL_NAME                       ; LPM_CLSHIFT                     ; --            ; --          ; --             ;
; IP_TOOL_NAME                       ; LPM_CLSHIFT                     ; --            ; --          ; --             ;
; IP_TOOL_NAME                       ; LPM_DECODE                      ; --            ; --          ; --             ;
; IP_TOOL_NAME                       ; LPM_FF                          ; --            ; --          ; --             ;
; IP_TOOL_NAME                       ; LPM_MUX                         ; --            ; --          ; --             ;
; IP_TOOL_NAME                       ; LPM_MUX                         ; --            ; --          ; --             ;
; IP_TOOL_NAME                       ; LPM_ADD_SUB                     ; --            ; --          ; --             ;
; IP_TOOL_NAME                       ; LPM_ADD_SUB                     ; --            ; --          ; --             ;
; IP_TOOL_NAME                       ; LPM_MUX                         ; --            ; --          ; --             ;
; IP_TOOL_NAME                       ; LPM_ADD_SUB                     ; --            ; --          ; --             ;
; IP_TOOL_NAME                       ; LPM_MUX                         ; --            ; --          ; --             ;
; IP_TOOL_NAME                       ; LPM_MUX                         ; --            ; --          ; --             ;
; IP_TOOL_NAME                       ; LPM_MUX                         ; --            ; --          ; --             ;
; IP_TOOL_NAME                       ; LPM_CONSTANT                    ; --            ; --          ; --             ;
; IP_TOOL_NAME                       ; LPM_MUX                         ; --            ; --          ; --             ;
; IP_TOOL_NAME                       ; LPM_MUX                         ; --            ; --          ; --             ;
; IP_TOOL_NAME                       ; LPM_MUX                         ; --            ; --          ; --             ;
; IP_TOOL_NAME                       ; LPM_FF                          ; --            ; --          ; --             ;
; IP_TOOL_NAME                       ; LPM_DECODE                      ; --            ; --          ; --             ;
; IP_TOOL_NAME                       ; LPM_MUX                         ; --            ; --          ; --             ;
; IP_TOOL_NAME                       ; LPM_ADD_SUB                     ; --            ; --          ; --             ;
; IP_TOOL_NAME                       ; LPM_ADD_SUB                     ; --            ; --          ; --             ;
; IP_TOOL_NAME                       ; LPM_SHIFTREG                    ; --            ; --          ; --             ;
; IP_TOOL_NAME                       ; LPM_MUX                         ; --            ; --          ; --             ;
; IP_TOOL_NAME                       ; LPM_MUX                         ; --            ; --          ; --             ;
; IP_TOOL_NAME                       ; LPM_MUX                         ; --            ; --          ; --             ;
; IP_TOOL_NAME                       ; LPM_ADD_SUB                     ; --            ; --          ; --             ;
; IP_TOOL_NAME                       ; LPM_ADD_SUB                     ; --            ; --          ; --             ;
; IP_TOOL_NAME                       ; LPM_MUX                         ; --            ; --          ; --             ;
; IP_TOOL_NAME                       ; LPM_MUX                         ; --            ; --          ; --             ;
; IP_TOOL_NAME                       ; LPM_FF                          ; --            ; --          ; --             ;
; IP_TOOL_NAME                       ; LPM_ADD_SUB                     ; --            ; --          ; --             ;
; IP_TOOL_NAME                       ; LPM_MUX                         ; --            ; --          ; --             ;
; IP_TOOL_NAME                       ; LPM_MUX                         ; --            ; --          ; --             ;
; IP_TOOL_NAME                       ; LPM_ROM                         ; --            ; --          ; --             ;
; IP_TOOL_NAME                       ; LPM_COUNTER                     ; --            ; --          ; --             ;
; IP_TOOL_NAME                       ; LPM_DECODE                      ; --            ; --          ; --             ;
; IP_TOOL_NAME                       ; LPM_ADD_SUB                     ; --            ; --          ; --             ;
; IP_TOOL_NAME                       ; LPM_ADD_SUB                     ; --            ; --          ; --             ;
; IP_TOOL_NAME                       ; LPM_ADD_SUB                     ; --            ; --          ; --             ;
; IP_TOOL_VERSION                    ; 9.1                             ; --            ; --          ; --             ;
; IP_TOOL_VERSION                    ; 9.1                             ; --            ; --          ; --             ;
; IP_TOOL_VERSION                    ; 9.1                             ; --            ; --          ; --             ;
; IP_TOOL_VERSION                    ; 9.1                             ; --            ; --          ; --             ;
; IP_TOOL_VERSION                    ; 9.1                             ; --            ; --          ; --             ;
; IP_TOOL_VERSION                    ; 9.1                             ; --            ; --          ; --             ;
; IP_TOOL_VERSION                    ; 9.1                             ; --            ; --          ; --             ;
; IP_TOOL_VERSION                    ; 9.1                             ; --            ; --          ; --             ;
; IP_TOOL_VERSION                    ; 9.1                             ; --            ; --          ; --             ;
; IP_TOOL_VERSION                    ; 9.1                             ; --            ; --          ; --             ;
; IP_TOOL_VERSION                    ; 9.1                             ; --            ; --          ; --             ;
; IP_TOOL_VERSION                    ; 9.1                             ; --            ; --          ; --             ;
; IP_TOOL_VERSION                    ; 9.1                             ; --            ; --          ; --             ;
; IP_TOOL_VERSION                    ; 9.1                             ; --            ; --          ; --             ;
; IP_TOOL_VERSION                    ; 9.1                             ; --            ; --          ; --             ;
; IP_TOOL_VERSION                    ; 9.1                             ; --            ; --          ; --             ;
; IP_TOOL_VERSION                    ; 9.1                             ; --            ; --          ; --             ;
; IP_TOOL_VERSION                    ; 9.1                             ; --            ; --          ; --             ;
; IP_TOOL_VERSION                    ; 9.1                             ; --            ; --          ; --             ;
; IP_TOOL_VERSION                    ; 9.1                             ; --            ; --          ; --             ;
; IP_TOOL_VERSION                    ; 9.1                             ; --            ; --          ; --             ;
; IP_TOOL_VERSION                    ; 9.1                             ; --            ; --          ; --             ;
; IP_TOOL_VERSION                    ; 9.1                             ; --            ; --          ; --             ;
; IP_TOOL_VERSION                    ; 9.1                             ; --            ; --          ; --             ;
; IP_TOOL_VERSION                    ; 9.1                             ; --            ; --          ; --             ;
; IP_TOOL_VERSION                    ; 9.1                             ; --            ; --          ; --             ;
; IP_TOOL_VERSION                    ; 9.1                             ; --            ; --          ; --             ;
; IP_TOOL_VERSION                    ; 9.1                             ; --            ; --          ; --             ;
; IP_TOOL_VERSION                    ; 9.1                             ; --            ; --          ; --             ;
; IP_TOOL_VERSION                    ; 9.1                             ; --            ; --          ; --             ;
; IP_TOOL_VERSION                    ; 9.1                             ; --            ; --          ; --             ;
; IP_TOOL_VERSION                    ; 9.1                             ; --            ; --          ; --             ;
; IP_TOOL_VERSION                    ; 9.1                             ; --            ; --          ; --             ;
; IP_TOOL_VERSION                    ; 9.1                             ; --            ; --          ; --             ;
; IP_TOOL_VERSION                    ; 9.1                             ; --            ; --          ; --             ;
; IP_TOOL_VERSION                    ; 9.1                             ; --            ; --          ; --             ;
; IP_TOOL_VERSION                    ; 9.1                             ; --            ; --          ; --             ;
; IP_TOOL_VERSION                    ; 9.1                             ; --            ; --          ; --             ;
; IP_TOOL_VERSION                    ; 9.1                             ; --            ; --          ; --             ;
; IP_TOOL_VERSION                    ; 9.1                             ; --            ; --          ; --             ;
; IP_TOOL_VERSION                    ; 9.1                             ; --            ; --          ; --             ;
; IP_TOOL_VERSION                    ; 9.1                             ; --            ; --          ; --             ;
; IP_TOOL_VERSION                    ; 9.1                             ; --            ; --          ; --             ;
; IP_TOOL_VERSION                    ; 9.1                             ; --            ; --          ; --             ;
; IP_TOOL_VERSION                    ; 9.1                             ; --            ; --          ; --             ;
; IP_TOOL_VERSION                    ; 9.1                             ; --            ; --          ; --             ;
; IP_TOOL_VERSION                    ; 9.1                             ; --            ; --          ; --             ;
; IP_TOOL_VERSION                    ; 9.1                             ; --            ; --          ; --             ;
; IP_TOOL_VERSION                    ; 9.1                             ; --            ; --          ; --             ;
; IP_TOOL_VERSION                    ; 9.1                             ; --            ; --          ; --             ;
; IP_TOOL_VERSION                    ; 9.1                             ; --            ; --          ; --             ;
; IP_TOOL_VERSION                    ; 9.1                             ; --            ; --          ; --             ;
; IP_TOOL_VERSION                    ; 9.1                             ; --            ; --          ; --             ;
; IP_TOOL_VERSION                    ; 9.1                             ; --            ; --          ; --             ;
; MISC_FILE                          ; db/lpm_mux0.tdf                 ; --            ; --          ; --             ;
; MISC_FILE                          ; db/lpm_mux0.bsf                 ; --            ; --          ; --             ;
; MISC_FILE                          ; db/lpm_mux0.inc                 ; --            ; --          ; --             ;
; MISC_FILE                          ; lpm_add_sub0.tdf                ; --            ; --          ; --             ;
; MISC_FILE                          ; lpm_add_sub0.bsf                ; --            ; --          ; --             ;
; MISC_FILE                          ; lpm_add_sub0.inc                ; --            ; --          ; --             ;
; MISC_FILE                          ; lpm_add_sub1.tdf                ; --            ; --          ; --             ;
; MISC_FILE                          ; lpm_add_sub1.bsf                ; --            ; --          ; --             ;
; MISC_FILE                          ; lpm_add_sub1.inc                ; --            ; --          ; --             ;
; MISC_FILE                          ; lpm_shiftreg0.tdf               ; --            ; --          ; --             ;
; MISC_FILE                          ; lpm_shiftreg0.bsf               ; --            ; --          ; --             ;
; MISC_FILE                          ; lpm_shiftreg0.inc               ; --            ; --          ; --             ;
; MISC_FILE                          ; lpm_add_sub2.tdf                ; --            ; --          ; --             ;
; MISC_FILE                          ; lpm_add_sub2.bsf                ; --            ; --          ; --             ;
; MISC_FILE                          ; lpm_add_sub2.inc                ; --            ; --          ; --             ;
; MISC_FILE                          ; lpm_mux0.tdf                    ; --            ; --          ; --             ;
; MISC_FILE                          ; lpm_mux0.bsf                    ; --            ; --          ; --             ;
; MISC_FILE                          ; lpm_mux0.inc                    ; --            ; --          ; --             ;
; MISC_FILE                          ; lpm_add_sub3.tdf                ; --            ; --          ; --             ;
; MISC_FILE                          ; lpm_add_sub3.bsf                ; --            ; --          ; --             ;
; MISC_FILE                          ; lpm_add_sub3.inc                ; --            ; --          ; --             ;
; MISC_FILE                          ; db/lpm_mux1.tdf                 ; --            ; --          ; --             ;
; MISC_FILE                          ; db/lpm_mux1.bsf                 ; --            ; --          ; --             ;
; MISC_FILE                          ; db/lpm_mux1.inc                 ; --            ; --          ; --             ;
; MISC_FILE                          ; lpm_add_sub4.tdf                ; --            ; --          ; --             ;
; MISC_FILE                          ; lpm_add_sub4.bsf                ; --            ; --          ; --             ;
; MISC_FILE                          ; lpm_add_sub4.inc                ; --            ; --          ; --             ;
; MISC_FILE                          ; lpm_clshift0.tdf                ; --            ; --          ; --             ;
; MISC_FILE                          ; lpm_clshift0.bsf                ; --            ; --          ; --             ;
; MISC_FILE                          ; lpm_clshift0.inc                ; --            ; --          ; --             ;
; MISC_FILE                          ; lpm_and0.tdf                    ; --            ; --          ; --             ;
; MISC_FILE                          ; lpm_and0.bsf                    ; --            ; --          ; --             ;
; MISC_FILE                          ; lpm_and0.inc                    ; --            ; --          ; --             ;
; MISC_FILE                          ; lpm_inv0.tdf                    ; --            ; --          ; --             ;
; MISC_FILE                          ; lpm_inv0.bsf                    ; --            ; --          ; --             ;
; MISC_FILE                          ; lpm_inv0.inc                    ; --            ; --          ; --             ;
; MISC_FILE                          ; lpm_clshift1.tdf                ; --            ; --          ; --             ;
; MISC_FILE                          ; lpm_clshift1.bsf                ; --            ; --          ; --             ;
; MISC_FILE                          ; lpm_clshift1.inc                ; --            ; --          ; --             ;
; MISC_FILE                          ; lpm_constant0.tdf               ; --            ; --          ; --             ;
; MISC_FILE                          ; lpm_constant0.bsf               ; --            ; --          ; --             ;
; MISC_FILE                          ; lpm_constant0.inc               ; --            ; --          ; --             ;
; MISC_FILE                          ; lpm_clshift2.tdf                ; --            ; --          ; --             ;
; MISC_FILE                          ; lpm_clshift2.bsf                ; --            ; --          ; --             ;
; MISC_FILE                          ; lpm_clshift2.inc                ; --            ; --          ; --             ;
; MISC_FILE                          ; lpm_clshift3.tdf                ; --            ; --          ; --             ;
; MISC_FILE                          ; lpm_clshift3.bsf                ; --            ; --          ; --             ;
; MISC_FILE                          ; lpm_clshift3.inc                ; --            ; --          ; --             ;
; MISC_FILE                          ; lpm_decode0.tdf                 ; --            ; --          ; --             ;
; MISC_FILE                          ; lpm_decode0.bsf                 ; --            ; --          ; --             ;
; MISC_FILE                          ; lpm_decode0.inc                 ; --            ; --          ; --             ;
; MISC_FILE                          ; lpm_dff0.tdf                    ; --            ; --          ; --             ;
; MISC_FILE                          ; lpm_dff0.bsf                    ; --            ; --          ; --             ;
; MISC_FILE                          ; lpm_dff0.inc                    ; --            ; --          ; --             ;
; MISC_FILE                          ; lpm_mux1.tdf                    ; --            ; --          ; --             ;
; MISC_FILE                          ; lpm_mux1.bsf                    ; --            ; --          ; --             ;
; MISC_FILE                          ; lpm_mux1.inc                    ; --            ; --          ; --             ;
; MISC_FILE                          ; db/lpm_mux2.tdf                 ; --            ; --          ; --             ;
; MISC_FILE                          ; db/lpm_mux2.bsf                 ; --            ; --          ; --             ;
; MISC_FILE                          ; db/lpm_mux2.inc                 ; --            ; --          ; --             ;
; MISC_FILE                          ; lpm_add_sub5.tdf                ; --            ; --          ; --             ;
; MISC_FILE                          ; lpm_add_sub5.bsf                ; --            ; --          ; --             ;
; MISC_FILE                          ; lpm_add_sub5.inc                ; --            ; --          ; --             ;
; MISC_FILE                          ; db/lpm_add_sub0.tdf             ; --            ; --          ; --             ;
; MISC_FILE                          ; db/lpm_add_sub0.bsf             ; --            ; --          ; --             ;
; MISC_FILE                          ; db/lpm_add_sub0.inc             ; --            ; --          ; --             ;
; MISC_FILE                          ; lpm_mux2.tdf                    ; --            ; --          ; --             ;
; MISC_FILE                          ; lpm_mux2.bsf                    ; --            ; --          ; --             ;
; MISC_FILE                          ; lpm_mux2.inc                    ; --            ; --          ; --             ;
; MISC_FILE                          ; lpm_add_sub6.tdf                ; --            ; --          ; --             ;
; MISC_FILE                          ; lpm_add_sub6.bsf                ; --            ; --          ; --             ;
; MISC_FILE                          ; lpm_add_sub6.inc                ; --            ; --          ; --             ;
; MISC_FILE                          ; lpm_mux3.tdf                    ; --            ; --          ; --             ;
; MISC_FILE                          ; lpm_mux3.bsf                    ; --            ; --          ; --             ;
; MISC_FILE                          ; lpm_mux3.inc                    ; --            ; --          ; --             ;
; MISC_FILE                          ; db/lpm_mux3.tdf                 ; --            ; --          ; --             ;
; MISC_FILE                          ; db/lpm_mux3.bsf                 ; --            ; --          ; --             ;
; MISC_FILE                          ; db/lpm_mux3.inc                 ; --            ; --          ; --             ;
; MISC_FILE                          ; lpm_mux4.tdf                    ; --            ; --          ; --             ;
; MISC_FILE                          ; lpm_mux4.bsf                    ; --            ; --          ; --             ;
; MISC_FILE                          ; lpm_mux4.inc                    ; --            ; --          ; --             ;
; MISC_FILE                          ; lpm_constant1.tdf               ; --            ; --          ; --             ;
; MISC_FILE                          ; lpm_constant1.bsf               ; --            ; --          ; --             ;
; MISC_FILE                          ; lpm_constant1.inc               ; --            ; --          ; --             ;
; MISC_FILE                          ; lpm_mux5.tdf                    ; --            ; --          ; --             ;
; MISC_FILE                          ; lpm_mux5.bsf                    ; --            ; --          ; --             ;
; MISC_FILE                          ; lpm_mux5.inc                    ; --            ; --          ; --             ;
; MISC_FILE                          ; db/lpm_mux4.tdf                 ; --            ; --          ; --             ;
; MISC_FILE                          ; db/lpm_mux4.bsf                 ; --            ; --          ; --             ;
; MISC_FILE                          ; db/lpm_mux4.inc                 ; --            ; --          ; --             ;
; MISC_FILE                          ; db/lpm_mux5.tdf                 ; --            ; --          ; --             ;
; MISC_FILE                          ; db/lpm_mux5.bsf                 ; --            ; --          ; --             ;
; MISC_FILE                          ; db/lpm_mux5.inc                 ; --            ; --          ; --             ;
; MISC_FILE                          ; lpm_dff1.tdf                    ; --            ; --          ; --             ;
; MISC_FILE                          ; lpm_dff1.bsf                    ; --            ; --          ; --             ;
; MISC_FILE                          ; lpm_dff1.inc                    ; --            ; --          ; --             ;
; MISC_FILE                          ; lpm_decode1.tdf                 ; --            ; --          ; --             ;
; MISC_FILE                          ; lpm_decode1.bsf                 ; --            ; --          ; --             ;
; MISC_FILE                          ; lpm_decode1.inc                 ; --            ; --          ; --             ;
; MISC_FILE                          ; db/lpm_mux6.tdf                 ; --            ; --          ; --             ;
; MISC_FILE                          ; db/lpm_mux6.bsf                 ; --            ; --          ; --             ;
; MISC_FILE                          ; db/lpm_mux6.inc                 ; --            ; --          ; --             ;
; MISC_FILE                          ; lpm_add_sub7.tdf                ; --            ; --          ; --             ;
; MISC_FILE                          ; lpm_add_sub7.bsf                ; --            ; --          ; --             ;
; MISC_FILE                          ; lpm_add_sub7.inc                ; --            ; --          ; --             ;
; MISC_FILE                          ; lpm_add_sub8.tdf                ; --            ; --          ; --             ;
; MISC_FILE                          ; lpm_add_sub8.bsf                ; --            ; --          ; --             ;
; MISC_FILE                          ; lpm_add_sub8.inc                ; --            ; --          ; --             ;
; MISC_FILE                          ; lpm_shiftreg1.tdf               ; --            ; --          ; --             ;
; MISC_FILE                          ; lpm_shiftreg1.bsf               ; --            ; --          ; --             ;
; MISC_FILE                          ; lpm_shiftreg1.inc               ; --            ; --          ; --             ;
; MISC_FILE                          ; lpm_mux6.tdf                    ; --            ; --          ; --             ;
; MISC_FILE                          ; lpm_mux6.bsf                    ; --            ; --          ; --             ;
; MISC_FILE                          ; lpm_mux6.inc                    ; --            ; --          ; --             ;
; MISC_FILE                          ; lpm_mux7.tdf                    ; --            ; --          ; --             ;
; MISC_FILE                          ; lpm_mux7.bsf                    ; --            ; --          ; --             ;
; MISC_FILE                          ; lpm_mux7.inc                    ; --            ; --          ; --             ;
; MISC_FILE                          ; lpm_mux8.tdf                    ; --            ; --          ; --             ;
; MISC_FILE                          ; lpm_mux8.bsf                    ; --            ; --          ; --             ;
; MISC_FILE                          ; lpm_mux8.inc                    ; --            ; --          ; --             ;
; MISC_FILE                          ; lpm_add_sub9.tdf                ; --            ; --          ; --             ;
; MISC_FILE                          ; lpm_add_sub9.bsf                ; --            ; --          ; --             ;
; MISC_FILE                          ; lpm_add_sub9.inc                ; --            ; --          ; --             ;
; MISC_FILE                          ; lpm_add_sub10.tdf               ; --            ; --          ; --             ;
; MISC_FILE                          ; lpm_add_sub10.bsf               ; --            ; --          ; --             ;
; MISC_FILE                          ; lpm_add_sub10.inc               ; --            ; --          ; --             ;
; MISC_FILE                          ; lpm_mux9.tdf                    ; --            ; --          ; --             ;
; MISC_FILE                          ; lpm_mux9.bsf                    ; --            ; --          ; --             ;
; MISC_FILE                          ; lpm_mux9.inc                    ; --            ; --          ; --             ;
; MISC_FILE                          ; lpm_mux10.tdf                   ; --            ; --          ; --             ;
; MISC_FILE                          ; lpm_mux10.bsf                   ; --            ; --          ; --             ;
; MISC_FILE                          ; lpm_mux10.inc                   ; --            ; --          ; --             ;
; MISC_FILE                          ; lpm_dff2.tdf                    ; --            ; --          ; --             ;
; MISC_FILE                          ; lpm_dff2.bsf                    ; --            ; --          ; --             ;
; MISC_FILE                          ; lpm_dff2.inc                    ; --            ; --          ; --             ;
; MISC_FILE                          ; lpm_add_sub11.tdf               ; --            ; --          ; --             ;
; MISC_FILE                          ; lpm_add_sub11.bsf               ; --            ; --          ; --             ;
; MISC_FILE                          ; lpm_add_sub11.inc               ; --            ; --          ; --             ;
; MISC_FILE                          ; lpm_mux11.tdf                   ; --            ; --          ; --             ;
; MISC_FILE                          ; lpm_mux11.bsf                   ; --            ; --          ; --             ;
; MISC_FILE                          ; lpm_mux11.inc                   ; --            ; --          ; --             ;
; MISC_FILE                          ; lpm_mux12.tdf                   ; --            ; --          ; --             ;
; MISC_FILE                          ; lpm_mux12.bsf                   ; --            ; --          ; --             ;
; MISC_FILE                          ; lpm_mux12.inc                   ; --            ; --          ; --             ;
; MISC_FILE                          ; lpm_rom0.tdf                    ; --            ; --          ; --             ;
; MISC_FILE                          ; lpm_rom0.bsf                    ; --            ; --          ; --             ;
; MISC_FILE                          ; lpm_rom0.inc                    ; --            ; --          ; --             ;
; MISC_FILE                          ; lpm_counter0.tdf                ; --            ; --          ; --             ;
; MISC_FILE                          ; lpm_counter0.bsf                ; --            ; --          ; --             ;
; MISC_FILE                          ; lpm_counter0.inc                ; --            ; --          ; --             ;
; MISC_FILE                          ; lpm_decode2.tdf                 ; --            ; --          ; --             ;
; MISC_FILE                          ; lpm_decode2.bsf                 ; --            ; --          ; --             ;
; MISC_FILE                          ; lpm_decode2.inc                 ; --            ; --          ; --             ;
; MISC_FILE                          ; lpm_add_sub12.tdf               ; --            ; --          ; --             ;
; MISC_FILE                          ; lpm_add_sub12.bsf               ; --            ; --          ; --             ;
; MISC_FILE                          ; lpm_add_sub12.inc               ; --            ; --          ; --             ;
; MISC_FILE                          ; lpm_add_sub13.tdf               ; --            ; --          ; --             ;
; MISC_FILE                          ; lpm_add_sub13.bsf               ; --            ; --          ; --             ;
; MISC_FILE                          ; lpm_add_sub13.inc               ; --            ; --          ; --             ;
; MISC_FILE                          ; lpm_add_sub14.tdf               ; --            ; --          ; --             ;
; MISC_FILE                          ; lpm_add_sub14.bsf               ; --            ; --          ; --             ;
; MISC_FILE                          ; lpm_add_sub14.inc               ; --            ; --          ; --             ;
; PARTITION_COLOR                    ; 16764057                        ; --            ; ADR_ALU     ; Top            ;
; PARTITION_NETLIST_TYPE             ; SOURCE                          ; --            ; ADR_ALU     ; Top            ;
; TOP_LEVEL_ENTITY                   ; ADR_ALU                         ; CPU_52        ; --          ; --             ;
; USE_GENERATED_PHYSICAL_CONSTRAINTS ; Off                             ; --            ; --          ; eda_blast_fpga ;
+------------------------------------+---------------------------------+---------------+-------------+----------------+


+-----------------------------------------------------------------------------------------------------------------------------+
; Flow Elapsed Time                                                                                                           ;
+-------------------------+--------------+-------------------------+---------------------+------------------------------------+
; Module Name             ; Elapsed Time ; Average Processors Used ; Peak Virtual Memory ; Total CPU Time (on all processors) ;
+-------------------------+--------------+-------------------------+---------------------+------------------------------------+
; Analysis & Synthesis    ; 00:00:01     ; 1.0                     ; 221 MB              ; 00:00:01                           ;
; Fitter                  ; 00:00:01     ; 1.0                     ; 217 MB              ; 00:00:00                           ;
; Assembler               ; 00:00:00     ; 1.0                     ; 192 MB              ; 00:00:00                           ;
; Classic Timing Analyzer ; 00:00:00     ; 1.0                     ; 157 MB              ; 00:00:00                           ;
; Total                   ; 00:00:02     ; --                      ; --                  ; 00:00:01                           ;
+-------------------------+--------------+-------------------------+---------------------+------------------------------------+


+------------------------------------------------------------------------------------------+
; Flow OS Summary                                                                          ;
+-------------------------+------------------+---------------+------------+----------------+
; Module Name             ; Machine Hostname ; OS Name       ; OS Version ; Processor type ;
+-------------------------+------------------+---------------+------------+----------------+
; Analysis & Synthesis    ; N1G              ; Windows Vista ; 6.2        ; x86_64         ;
; Fitter                  ; N1G              ; Windows Vista ; 6.2        ; x86_64         ;
; Assembler               ; N1G              ; Windows Vista ; 6.2        ; x86_64         ;
; Classic Timing Analyzer ; N1G              ; Windows Vista ; 6.2        ; x86_64         ;
+-------------------------+------------------+---------------+------------+----------------+


------------
; Flow Log ;
------------
quartus_map --read_settings_files=on --write_settings_files=off CPU_52 -c CPU_52
quartus_fit --read_settings_files=off --write_settings_files=off CPU_52 -c CPU_52
quartus_asm --read_settings_files=off --write_settings_files=off CPU_52 -c CPU_52
quartus_tan --read_settings_files=off --write_settings_files=off CPU_52 -c CPU_52 --timing_analysis_only



